
==============
20240914035314
==============
untracked file, adding: Tuka.md


==============
20240914035623
==============
untracked file, adding: .zettel-notes/logs/sync/2024-09-14.log


==============
20240914035816
==============
untracked file, adding: .zettel-notes/patches/2/9adec519-b99d-455e-a849-f0715451f4e0.diff
untracked file, adding: .zettel-notes/patches/2/1388d234-44b2-4182-862e-79c29b01088a.diff


==============
20240914040016
==============
untracked file, adding: README.md


==============
20240914040045
==============
untracked file, adding: .zettel-notes/patches/3/952e99e8-0784-4054-8e18-8ae8874f8f41.diff


==============
20240914040117
==============
untracked file, adding: .zettel-notes/patches/3/88ab285f-c175-43cc-9962-c05a2835e9bc.diff

